# JRE version: OpenJDK Runtime Environment (8.0_121-b13) (build 1.8.0_121-8u121-b13-0ubuntu1.16.04.2-b13)
# Java VM: OpenJDK 64-Bit Server VM (25.121-b13 mixed mode linux-amd64 compressed oops)
Heap:
 PSYoungGen      total 7645696K, used 806K [0x00000005aab00000, 0x00000007c0000000, 0x00000007c0000000)
  eden space 6553600K, 0% used [0x00000005aab00000,0x00000005aab00000,0x000000073ab00000)
  from space 1092096K, 0% used [0x000000073ab00000,0x000000073abc9a90,0x000000077d580000)
  to   space 1092096K, 0% used [0x000000077d580000,0x000000077d580000,0x00000007c0000000)
 ParOldGen       total 17476608K, used 1339473K [0x0000000180000000, 0x00000005aab00000, 0x00000005aab00000)
  object space 17476608K, 7% used [0x0000000180000000,0x00000001d1c14600,0x00000005aab00000)
 Metaspace       used 4435K, capacity 4800K, committed 4864K, reserved 1056768K
  class space    used 443K, capacity 496K, committed 512K, reserved 1048576K
GC Heap History (10 events):
Event: 2607.978 GC heap after
Heap after GC invocations=4849 (full 2424):
 PSYoungGen      total 7645696K, used 760224K [0x00000005aab00000, 0x00000007c0000000, 0x00000007c0000000)
  eden space 6553600K, 0% used [0x00000005aab00000,0x00000005aab00000,0x000000073ab00000)
  from space 1092096K, 69% used [0x000000073ab00000,0x0000000769168000,0x000000077d580000)
  to   space 1092096K, 0% used [0x000000077d580000,0x000000077d580000,0x00000007c0000000)
 ParOldGen       total 17476608K, used 1339728K [0x0000000180000000, 0x00000005aab00000, 0x00000005aab00000)
  object space 17476608K, 7% used [0x0000000180000000,0x00000001d1c54100,0x00000005aab00000)
 Metaspace       used 4435K, capacity 4800K, committed 4864K, reserved 1056768K
  class space    used 443K, capacity 496K, committed 512K, reserved 1048576K
}
Event: 2607.978 GC heap before
{Heap before GC invocations=4850 (full 2425):
 PSYoungGen      total 7645696K, used 760224K [0x00000005aab00000, 0x00000007c0000000, 0x00000007c0000000)
  eden space 6553600K, 0% used [0x00000005aab00000,0x00000005aab00000,0x000000073ab00000)
  from space 1092096K, 69% used [0x000000073ab00000,0x0000000769168000,0x000000077d580000)
  to   space 1092096K, 0% used [0x000000077d580000,0x000000077d580000,0x00000007c0000000)
 ParOldGen       total 17476608K, used 1339728K [0x0000000180000000, 0x00000005aab00000, 0x00000005aab00000)
  object space 17476608K, 7% used [0x0000000180000000,0x00000001d1c54100,0x00000005aab00000)
 Metaspace       used 4435K, capacity 4800K, committed 4864K, reserved 1056768K
  class space    used 443K, capacity 496K, committed 512K, reserved 1048576K
Event: 2608.388 GC heap after
Heap after GC invocations=4850 (full 2425):
 PSYoungGen      total 7645696K, used 0K [0x00000005aab00000, 0x00000007c0000000, 0x00000007c0000000)
  eden space 6553600K, 0% used [0x00000005aab00000,0x00000005aab00000,0x000000073ab00000)
  from space 1092096K, 0% used [0x000000073ab00000,0x000000073ab00000,0x000000077d580000)
  to   space 1092096K, 0% used [0x000000077d580000,0x000000077d580000,0x00000007c0000000)
 ParOldGen       total 17476608K, used 2085844K [0x0000000180000000, 0x00000005aab00000, 0x00000005aab00000)
  object space 17476608K, 11% used [0x0000000180000000,0x00000001ff4f53a8,0x00000005aab00000)
 Metaspace       used 4435K, capacity 4800K, committed 4864K, reserved 1056768K
  class space    used 443K, capacity 496K, committed 512K, reserved 1048576K
}
Event: 2608.521 GC heap before
{Heap before GC invocations=4851 (full 2425):
 PSYoungGen      total 7645696K, used 1386311K [0x00000005aab00000, 0x00000007c0000000, 0x00000007c0000000)
  eden space 6553600K, 21% used [0x00000005aab00000,0x00000005ff4d1cc0,0x000000073ab00000)
  from space 1092096K, 0% used [0x000000073ab00000,0x000000073ab00000,0x000000077d580000)
  to   space 1092096K, 0% used [0x000000077d580000,0x000000077d580000,0x00000007c0000000)
 ParOldGen       total 17476608K, used 2085844K [0x0000000180000000, 0x00000005aab00000, 0x00000005aab00000)
  object space 17476608K, 11% used [0x0000000180000000,0x00000001ff4f53a8,0x00000005aab00000)
 Metaspace       used 4435K, capacity 4800K, committed 4864K, reserved 1056768K
  class space    used 443K, capacity 496K, committed 512K, reserved 1048576K
Event: 2608.689 GC heap after
Heap after GC invocations=4851 (full 2425):
 PSYoungGen      total 7645696K, used 1092067K [0x00000005aab00000, 0x00000007c0000000, 0x00000007c0000000)
  eden space 6553600K, 0% used [0x00000005aab00000,0x00000005aab00000,0x000000073ab00000)
  from space 1092096K, 99% used [0x000000077d580000,0x00000007bfff8d90,0x00000007c0000000)
  to   space 1092096K, 0% used [0x000000073ab00000,0x000000073ab00000,0x000000077d580000)
 ParOldGen       total 17476608K, used 2349956K [0x0000000180000000, 0x00000005aab00000, 0x00000005aab00000)
  object space 17476608K, 13% used [0x0000000180000000,0x000000020f6e1298,0x00000005aab00000)
 Metaspace       used 4435K, capacity 4800K, committed 4864K, reserved 1056768K
  class space    used 443K, capacity 496K, committed 512K, reserved 1048576K
}
Event: 2608.689 GC heap before
{Heap before GC invocations=4852 (full 2426):
 PSYoungGen      total 7645696K, used 1092067K [0x00000005aab00000, 0x00000007c0000000, 0x00000007c0000000)
  eden space 6553600K, 0% used [0x00000005aab00000,0x00000005aab00000,0x000000073ab00000)
  from space 1092096K, 99% used [0x000000077d580000,0x00000007bfff8d90,0x00000007c0000000)
  to   space 1092096K, 0% used [0x000000073ab00000,0x000000073ab00000,0x000000077d580000)
 ParOldGen       total 17476608K, used 2349956K [0x0000000180000000, 0x00000005aab00000, 0x00000005aab00000)
  object space 17476608K, 13% used [0x0000000180000000,0x000000020f6e1298,0x00000005aab00000)
 Metaspace       used 4435K, capacity 4800K, committed 4864K, reserved 1056768K
  class space    used 443K, capacity 496K, committed 512K, reserved 1048576K
Event: 2609.109 GC heap after
Heap after GC invocations=4852 (full 2426):
 PSYoungGen      total 7645696K, used 0K [0x00000005aab00000, 0x00000007c0000000, 0x00000007c0000000)
  eden space 6553600K, 0% used [0x00000005aab00000,0x00000005aab00000,0x000000073ab00000)
  from space 1092096K, 0% used [0x000000077d580000,0x000000077d580000,0x00000007c0000000)
  to   space 1092096K, 0% used [0x000000073ab00000,0x000000073ab00000,0x000000077d580000)
 ParOldGen       total 17476608K, used 1339473K [0x0000000180000000, 0x00000005aab00000, 0x00000005aab00000)
  object space 17476608K, 7% used [0x0000000180000000,0x00000001d1c14600,0x00000005aab00000)
 Metaspace       used 4435K, capacity 4800K, committed 4864K, reserved 1056768K
  class space    used 443K, capacity 496K, committed 512K, reserved 1048576K
}
Event: 2609.151 GC heap before
{Heap before GC invocations=4853 (full 2426):
 PSYoungGen      total 7645696K, used 126022K [0x00000005aab00000, 0x00000007c0000000, 0x00000007c0000000)
  eden space 6553600K, 1% used [0x00000005aab00000,0x00000005b2611bc8,0x000000073ab00000)
  from space 1092096K, 0% used [0x000000077d580000,0x000000077d580000,0x00000007c0000000)
  to   space 1092096K, 0% used [0x000000073ab00000,0x000000073ab00000,0x000000077d580000)
 ParOldGen       total 17476608K, used 1339473K [0x0000000180000000, 0x00000005aab00000, 0x00000005aab00000)
  object space 17476608K, 7% used [0x0000000180000000,0x00000001d1c14600,0x00000005aab00000)
 Metaspace       used 4435K, capacity 4800K, committed 4864K, reserved 1056768K
  class space    used 443K, capacity 496K, committed 512K, reserved 1048576K
Event: 2609.153 GC heap after
Heap after GC invocations=4853 (full 2426):
 PSYoungGen      total 7645696K, used 806K [0x00000005aab00000, 0x00000007c0000000, 0x00000007c0000000)
  eden space 6553600K, 0% used [0x00000005aab00000,0x00000005aab00000,0x000000073ab00000)
  from space 1092096K, 0% used [0x000000073ab00000,0x000000073abc9a90,0x000000077d580000)
  to   space 1092096K, 0% used [0x000000077d580000,0x000000077d580000,0x00000007c0000000)
 ParOldGen       total 17476608K, used 1339473K [0x0000000180000000, 0x00000005aab00000, 0x00000005aab00000)
  object space 17476608K, 7% used [0x0000000180000000,0x00000001d1c14600,0x00000005aab00000)
 Metaspace       used 4435K, capacity 4800K, committed 4864K, reserved 1056768K
  class space    used 443K, capacity 496K, committed 512K, reserved 1048576K
}
Event: 2609.153 GC heap before
{Heap before GC invocations=4854 (full 2427):
 PSYoungGen      total 7645696K, used 806K [0x00000005aab00000, 0x00000007c0000000, 0x00000007c0000000)
  eden space 6553600K, 0% used [0x00000005aab00000,0x00000005aab00000,0x000000073ab00000)
  from space 1092096K, 0% used [0x000000073ab00000,0x000000073abc9a90,0x000000077d580000)
  to   space 1092096K, 0% used [0x000000077d580000,0x000000077d580000,0x00000007c0000000)
 ParOldGen       total 17476608K, used 1339473K [0x0000000180000000, 0x00000005aab00000, 0x00000005aab00000)
  object space 17476608K, 7% used [0x0000000180000000,0x00000001d1c14600,0x00000005aab00000)
 Metaspace       used 4435K, capacity 4800K, committed 4864K, reserved 1056768K
  class space    used 443K, capacity 496K, committed 512K, reserved 1048576K

